<?xml version="1.0" encoding="UTF-8"?>
<!-- Generated by org.testng.reporters.JUnitReportReporter -->
<testsuite hostname="Orangelt0080" name="qaclickacdemy.TEST" tests="2" failures="0" timestamp="19 Jul 2021 03:38:36 GMT" time="10.647" errors="0">
  <testcase name="firstNvaigation" time="4.072" classname="qaclickacdemy.TEST"/>
  <testcase name="firstNvaigation" time="6.575" classname="qaclickacdemy.TEST"/>
</testsuite> <!-- qaclickacdemy.TEST -->
