<?xml version="1.0" encoding="UTF-8"?>
<!-- Generated by org.testng.reporters.JUnitReportReporter -->
<testsuite hostname="Orangelt0080" name="qaclickacdemy.TEST" tests="1" failures="0" timestamp="20 Jul 2021 14:02:59 GMT" time="2.506" errors="0">
  <testcase name="LoginWithOtp" time="2.506" classname="qaclickacdemy.TEST"/>
</testsuite> <!-- qaclickacdemy.TEST -->
