<?xml version="1.0" encoding="UTF-8"?>
<!-- Generated by org.testng.reporters.JUnitReportReporter -->
<testsuite hostname="Orangelt0080" name="qaclickacdemy.Test2" tests="1" failures="0" timestamp="20 Jul 2021 06:12:57 GMT" time="0.139" errors="0">
  <testcase name="Nvaigation2" time="0.139" classname="qaclickacdemy.Test2"/>
</testsuite> <!-- qaclickacdemy.Test2 -->
