<?xml version="1.0" encoding="UTF-8"?>
<!-- Generated by org.testng.reporters.JUnitReportReporter -->
<testsuite hostname="Orangelt0080" name="qaclickacdemy.NavigationFlow" tests="1" failures="0" timestamp="21 Jul 2021 04:23:04 GMT" time="0.747" errors="0">
  <testcase name="LoginWithOtp" time="0.747" classname="qaclickacdemy.NavigationFlow"/>
</testsuite> <!-- qaclickacdemy.NavigationFlow -->
