<?xml version="1.0" encoding="UTF-8"?>
<!-- Generated by org.testng.reporters.JUnitReportReporter -->
<testsuite hostname="Orangelt0080" name="qaclickacdemy.HomePage" tests="1" failures="0" timestamp="17 Jul 2021 07:54:34 GMT" time="5.998" errors="0">
  <testcase name="firstNvaigation" time="5.998" classname="qaclickacdemy.HomePage"/>
</testsuite> <!-- qaclickacdemy.HomePage -->
